<?xml version="1.0" encoding="UTF-8"?>
<!-- Generated by org.testng.reporters.JUnitReportReporter -->
<testsuite skipped="0" hostname="DESKTOP-NV1Q2B3" name="testCases.BuyGiftForHim_TC_v2" tests="1" failures="0" timestamp="24 Jul 2017 17:44:16 GMT" time="15.838" errors="0">
  <testcase name="main" time="15.838" classname="testCases.BuyGiftForHim_TC_v2"/>
</testsuite> <!-- testCases.BuyGiftForHim_TC_v2 -->
